<?xml version="1.0" encoding="UTF-8"?>
<testng-results skipped="0" failed="0" ignored="0" total="1" passed="1">
  <reporter-output>
  </reporter-output>
  <suite name="Default suite" duration-ms="9881" started-at="2019-10-01T21:48:15Z" finished-at="2019-10-01T21:48:25Z">
    <groups>
    </groups>
    <test name="Default test" duration-ms="9881" started-at="2019-10-01T21:48:15Z" finished-at="2019-10-01T21:48:25Z">
      <class name="com.demoaut.newtours.Testscripts.ValidateUserTest">
        <test-method status="PASS" signature="openbrowser()[pri:0, instance:com.demoaut.newtours.Testscripts.ValidateUserTest@7f9a81e8]" name="openbrowser" is-config="true" duration-ms="5153" started-at="2019-10-01T16:48:15Z" finished-at="2019-10-01T16:48:20Z">
          <reporter-output>
          </reporter-output>
        </test-method> <!-- openbrowser -->
        <test-method status="PASS" signature="userValidation()[pri:0, instance:com.demoaut.newtours.Testscripts.ValidateUserTest@7f9a81e8]" name="userValidation" duration-ms="4648" started-at="2019-10-01T16:48:20Z" finished-at="2019-10-01T16:48:24Z">
          <reporter-output>
          </reporter-output>
        </test-method> <!-- userValidation -->
        <test-method status="PASS" signature="closeBrowser()[pri:0, instance:com.demoaut.newtours.Testscripts.ValidateUserTest@7f9a81e8]" name="closeBrowser" is-config="true" duration-ms="52" started-at="2019-10-01T16:48:24Z" finished-at="2019-10-01T16:48:25Z">
          <reporter-output>
          </reporter-output>
        </test-method> <!-- closeBrowser -->
      </class> <!-- com.demoaut.newtours.Testscripts.ValidateUserTest -->
    </test> <!-- Default test -->
  </suite> <!-- Default suite -->
</testng-results>
